jMessage/build/outputs/logs/manifest-merger-debug-report.txt
-- Merging decision tree log ---
manifest
ADDED from MyWps\jMessage\AndroidManifest.xml:2:1-191:12
	package
		ADDED from MyWps\jMessage\AndroidManifest.xml:3:5-27
		INJECTED from MyWps\jMessage\AndroidManifest.xml
		INJECTED from MyWps\jMessage\AndroidManifest.xml
	android:versionName
		ADDED from MyWps\jMessage\AndroidManifest.xml:4:29-56
		INJECTED from MyWps\jMessage\AndroidManifest.xml
		INJECTED from MyWps\jMessage\AndroidManifest.xml
	android:versionCode
		ADDED from MyWps\jMessage\AndroidManifest.xml:4:5-28
		INJECTED from MyWps\jMessage\AndroidManifest.xml
		INJECTED from MyWps\jMessage\AndroidManifest.xml
	xmlns:android
		ADDED from MyWps\jMessage\AndroidManifest.xml:2:11-69
permission#im.sdk.debug.permission.JPUSH_MESSAGE
ADDED from MyWps\jMessage\AndroidManifest.xml:6:5-7:47
	android:protectionLevel
		ADDED from MyWps\jMessage\AndroidManifest.xml:7:9-44
	android:name
		ADDED from MyWps\jMessage\AndroidManifest.xml:6:17-69
uses-permission#m.sdk.debug.permission.JPUSH_MESSAGE
ADDED from MyWps\jMessage\AndroidManifest.xml:10:5-76
	android:name
		ADDED from MyWps\jMessage\AndroidManifest.xml:10:22-73
uses-permission#android.permission.RECEIVE_USER_PRESENT
ADDED from MyWps\jMessage\AndroidManifest.xml:11:5-79
	android:name
		ADDED from MyWps\jMessage\AndroidManifest.xml:11:22-76
uses-permission#android.permission.INTERNET
ADDED from MyWps\jMessage\AndroidManifest.xml:12:5-67
	android:name
		ADDED from MyWps\jMessage\AndroidManifest.xml:12:22-64
uses-permission#android.permission.WAKE_LOCK
ADDED from MyWps\jMessage\AndroidManifest.xml:13:5-68
	android:name
		ADDED from MyWps\jMessage\AndroidManifest.xml:13:22-65
uses-permission#android.permission.READ_PHONE_STATE
ADDED from MyWps\jMessage\AndroidManifest.xml:14:5-75
	android:name
		ADDED from MyWps\jMessage\AndroidManifest.xml:14:22-72
uses-permission#android.permission.WRITE_EXTERNAL_STORAGE
ADDED from MyWps\jMessage\AndroidManifest.xml:15:5-81
	android:name
		ADDED from MyWps\jMessage\AndroidManifest.xml:15:22-78
uses-permission#android.permission.READ_EXTERNAL_STORAGE
ADDED from MyWps\jMessage\AndroidManifest.xml:16:5-80
	android:name
		ADDED from MyWps\jMessage\AndroidManifest.xml:16:22-77
uses-permission#android.permission.VIBRATE
ADDED from MyWps\jMessage\AndroidManifest.xml:17:5-66
	android:name
		ADDED from MyWps\jMessage\AndroidManifest.xml:17:22-63
uses-permission#android.permission.MOUNT_UNMOUNT_FILESYSTEMS
ADDED from MyWps\jMessage\AndroidManifest.xml:18:5-84
	android:name
		ADDED from MyWps\jMessage\AndroidManifest.xml:18:22-81
uses-permission#android.permission.ACCESS_NETWORK_STATE
ADDED from MyWps\jMessage\AndroidManifest.xml:19:5-79
	android:name
		ADDED from MyWps\jMessage\AndroidManifest.xml:19:22-76
uses-permission#android.permission.WRITE_SETTINGS
ADDED from MyWps\jMessage\AndroidManifest.xml:20:5-73
	android:name
		ADDED from MyWps\jMessage\AndroidManifest.xml:20:22-70
uses-permission#android.permission.ACCESS_WIFI_STATE
ADDED from MyWps\jMessage\AndroidManifest.xml:21:5-76
	android:name
		ADDED from MyWps\jMessage\AndroidManifest.xml:21:22-73
uses-permission#android.permission.SYSTEM_ALERT_WINDOW
ADDED from MyWps\jMessage\AndroidManifest.xml:25:5-78
	android:name
		ADDED from MyWps\jMessage\AndroidManifest.xml:25:22-75
uses-permission#android.permission.ACCESS_COARSE_LOCATION
ADDED from MyWps\jMessage\AndroidManifest.xml:26:5-81
	android:name
		ADDED from MyWps\jMessage\AndroidManifest.xml:26:22-78
uses-permission#android.permission.ACCESS_FINE_LOCATION
ADDED from MyWps\jMessage\AndroidManifest.xml:27:5-79
	android:name
		ADDED from MyWps\jMessage\AndroidManifest.xml:27:22-76
uses-permission#android.permission.ACCESS_LOCATION_EXTRA_COMMANDS
ADDED from MyWps\jMessage\AndroidManifest.xml:28:5-89
	android:name
		ADDED from MyWps\jMessage\AndroidManifest.xml:28:22-86
uses-permission#android.permission.CHANGE_WIFI_STATE
ADDED from MyWps\jMessage\AndroidManifest.xml:29:5-76
	android:name
		ADDED from MyWps\jMessage\AndroidManifest.xml:29:22-73
uses-permission#android.permission.CHANGE_NETWORK_STATE
ADDED from MyWps\jMessage\AndroidManifest.xml:30:5-79
	android:name
		ADDED from MyWps\jMessage\AndroidManifest.xml:30:22-76
uses-permission#android.permission.GET_TASKS
ADDED from MyWps\jMessage\AndroidManifest.xml:31:5-68
	android:name
		ADDED from MyWps\jMessage\AndroidManifest.xml:31:22-65
application
ADDED from MyWps\jMessage\AndroidManifest.xml:33:5-189:19
	android:label
		ADDED from MyWps\jMessage\AndroidManifest.xml:36:9-41
	android:icon
		ADDED from MyWps\jMessage\AndroidManifest.xml:35:9-43
	android:name
		ADDED from MyWps\jMessage\AndroidManifest.xml:34:7-65
service#cn.jpush.android.service.PushService
ADDED from MyWps\jMessage\AndroidManifest.xml:40:9-51:19
	android:enabled
		ADDED from MyWps\jMessage\AndroidManifest.xml:42:13-35
	android:process
		ADDED from MyWps\jMessage\AndroidManifest.xml:43:38-65
	android:exported
		ADDED from MyWps\jMessage\AndroidManifest.xml:43:13-37
	android:name
		ADDED from MyWps\jMessage\AndroidManifest.xml:41:13-64
intent-filter#cn.jpush.android.intent.PUSH_TIME+cn.jpush.android.intent.PushService+cn.jpush.android.intent.REGISTER+cn.jpush.android.intent.REPORT
ADDED from MyWps\jMessage\AndroidManifest.xml:44:13-50:29
action#cn.jpush.android.intent.REGISTER
ADDED from MyWps\jMessage\AndroidManifest.xml:45:17-75
	android:name
		ADDED from MyWps\jMessage\AndroidManifest.xml:45:25-72
action#cn.jpush.android.intent.REPORT
ADDED from MyWps\jMessage\AndroidManifest.xml:46:17-73
	android:name
		ADDED from MyWps\jMessage\AndroidManifest.xml:46:25-70
action#cn.jpush.android.intent.PushService
ADDED from MyWps\jMessage\AndroidManifest.xml:47:17-78
	android:name
		ADDED from MyWps\jMessage\AndroidManifest.xml:47:25-75
action#cn.jpush.android.intent.PUSH_TIME
ADDED from MyWps\jMessage\AndroidManifest.xml:48:17-76
	android:name
		ADDED from MyWps\jMessage\AndroidManifest.xml:48:25-73
receiver#cn.jpush.android.service.PushReceiver
ADDED from MyWps\jMessage\AndroidManifest.xml:54:9-73:20
	android:enabled
		ADDED from MyWps\jMessage\AndroidManifest.xml:56:13-35
	android:process
		ADDED from MyWps\jMessage\AndroidManifest.xml:56:61-88
	android:exported
		ADDED from MyWps\jMessage\AndroidManifest.xml:56:36-60
	android:name
		ADDED from MyWps\jMessage\AndroidManifest.xml:55:13-65
intent-filter#cn.jpush.android.intent.NOTIFICATION_RECEIVED_PROXY+m.sdk.debug
ADDED from MyWps\jMessage\AndroidManifest.xml:57:13-61:29
	android:priority
		ADDED from MyWps\jMessage\AndroidManifest.xml:57:28-51
action#cn.jpush.android.intent.NOTIFICATION_RECEIVED_PROXY
ADDED from MyWps\jMessage\AndroidManifest.xml:58:17-94
	android:name
		ADDED from MyWps\jMessage\AndroidManifest.xml:58:25-91
category#m.sdk.debug
ADDED from MyWps\jMessage\AndroidManifest.xml:60:17-56
	android:name
		ADDED from MyWps\jMessage\AndroidManifest.xml:60:27-53
intent-filter#android.intent.action.USER_PRESENT+android.net.conn.CONNECTIVITY_CHANGE
ADDED from MyWps\jMessage\AndroidManifest.xml:62:13-65:29
action#android.intent.action.USER_PRESENT
ADDED from MyWps\jMessage\AndroidManifest.xml:63:17-77
	android:name
		ADDED from MyWps\jMessage\AndroidManifest.xml:63:25-74
action#android.net.conn.CONNECTIVITY_CHANGE
ADDED from MyWps\jMessage\AndroidManifest.xml:64:17-79
	android:name
		ADDED from MyWps\jMessage\AndroidManifest.xml:64:25-76
intent-filter#android.intent.action.PACKAGE_ADDED+android.intent.action.PACKAGE_REMOVED
ADDED from MyWps\jMessage\AndroidManifest.xml:67:13-72:29
action#android.intent.action.PACKAGE_ADDED
ADDED from MyWps\jMessage\AndroidManifest.xml:68:17-78
	android:name
		ADDED from MyWps\jMessage\AndroidManifest.xml:68:25-75
action#android.intent.action.PACKAGE_REMOVED
ADDED from MyWps\jMessage\AndroidManifest.xml:69:17-80
	android:name
		ADDED from MyWps\jMessage\AndroidManifest.xml:69:25-77
data
ADDED from MyWps\jMessage\AndroidManifest.xml:71:17-50
	android:scheme
		ADDED from MyWps\jMessage\AndroidManifest.xml:71:23-47
receiver#cn.jpush.im.android.helpers.IMReceiver
ADDED from MyWps\jMessage\AndroidManifest.xml:76:9-86:20
	android:enabled
		ADDED from MyWps\jMessage\AndroidManifest.xml:78:13-35
	android:exported
		ADDED from MyWps\jMessage\AndroidManifest.xml:79:13-37
	android:name
		ADDED from MyWps\jMessage\AndroidManifest.xml:77:13-66
intent-filter#cn.jpush.im.android.action.IM_RESPONSE+cn.jpush.im.android.action.NOTIFICATION_CLICK_PROXY+m.sdk.debug
ADDED from MyWps\jMessage\AndroidManifest.xml:80:13-85:29
	android:priority
		ADDED from MyWps\jMessage\AndroidManifest.xml:80:28-51
action#cn.jpush.im.android.action.IM_RESPONSE
ADDED from MyWps\jMessage\AndroidManifest.xml:81:17-81
	android:name
		ADDED from MyWps\jMessage\AndroidManifest.xml:81:25-78
action#cn.jpush.im.android.action.NOTIFICATION_CLICK_PROXY
ADDED from MyWps\jMessage\AndroidManifest.xml:82:17-94
	android:name
		ADDED from MyWps\jMessage\AndroidManifest.xml:82:25-91
receiver#cn.jpush.android.service.AlarmReceiver
ADDED from MyWps\jMessage\AndroidManifest.xml:89:9-91:40
	android:exported
		ADDED from MyWps\jMessage\AndroidManifest.xml:91:13-37
	android:name
		ADDED from MyWps\jMessage\AndroidManifest.xml:90:13-66
provider#cn.jpush.android.service.DataProvider
ADDED from MyWps\jMessage\AndroidManifest.xml:95:9-98:39
	android:authorities
		ADDED from MyWps\jMessage\AndroidManifest.xml:97:13-59
	android:exported
		ADDED from MyWps\jMessage\AndroidManifest.xml:98:13-36
	android:name
		ADDED from MyWps\jMessage\AndroidManifest.xml:96:13-65
meta-data#JPUSH_CHANNEL
ADDED from MyWps\jMessage\AndroidManifest.xml:106:9-108:49
	android:value
		ADDED from MyWps\jMessage\AndroidManifest.xml:108:13-46
	android:name
		ADDED from MyWps\jMessage\AndroidManifest.xml:107:13-41
meta-data#JPUSH_APPKEY
ADDED from MyWps\jMessage\AndroidManifest.xml:110:9-112:42
	android:value
		ADDED from MyWps\jMessage\AndroidManifest.xml:112:13-39
	android:name
		ADDED from MyWps\jMessage\AndroidManifest.xml:111:13-40
activity#im.sdk.debug.RegisterAndLoginActivity
ADDED from MyWps\jMessage\AndroidManifest.xml:114:9-122:20
	android:launchMode
		ADDED from MyWps\jMessage\AndroidManifest.xml:116:13-44
	android:name
		ADDED from MyWps\jMessage\AndroidManifest.xml:115:13-65
intent-filter#android.intent.action.MAIN+android.intent.category.LAUNCHER
ADDED from MyWps\jMessage\AndroidManifest.xml:117:13-121:29
action#android.intent.action.MAIN
ADDED from MyWps\jMessage\AndroidManifest.xml:118:17-69
	android:name
		ADDED from MyWps\jMessage\AndroidManifest.xml:118:25-66
category#android.intent.category.LAUNCHER
ADDED from MyWps\jMessage\AndroidManifest.xml:120:17-77
	android:name
		ADDED from MyWps\jMessage\AndroidManifest.xml:120:27-74
activity#im.sdk.debug.activity.setting.RegisterActivity
ADDED from MyWps\jMessage\AndroidManifest.xml:123:9-83
	android:name
		ADDED from MyWps\jMessage\AndroidManifest.xml:123:19-80
activity#im.sdk.debug.activity.setting.SettingMainActivity
ADDED from MyWps\jMessage\AndroidManifest.xml:124:9-86
	android:name
		ADDED from MyWps\jMessage\AndroidManifest.xml:124:19-83
activity#im.sdk.debug.activity.TypeActivity
ADDED from MyWps\jMessage\AndroidManifest.xml:125:9-127:47
	android:launchMode
		ADDED from MyWps\jMessage\AndroidManifest.xml:127:13-44
	android:name
		ADDED from MyWps\jMessage\AndroidManifest.xml:126:13-62
activity#im.sdk.debug.activity.setting.InfoActivity
ADDED from MyWps\jMessage\AndroidManifest.xml:128:9-79
	android:name
		ADDED from MyWps\jMessage\AndroidManifest.xml:128:19-76
activity#im.sdk.debug.activity.setting.AssertEqualsActivity
ADDED from MyWps\jMessage\AndroidManifest.xml:129:9-87
	android:name
		ADDED from MyWps\jMessage\AndroidManifest.xml:129:19-84
activity#im.sdk.debug.activity.setting.GetUserInfoActivity
ADDED from MyWps\jMessage\AndroidManifest.xml:130:9-86
	android:name
		ADDED from MyWps\jMessage\AndroidManifest.xml:130:19-83
activity#im.sdk.debug.activity.setting.UpdatePassword
ADDED from MyWps\jMessage\AndroidManifest.xml:131:9-81
	android:name
		ADDED from MyWps\jMessage\AndroidManifest.xml:131:19-78
activity#im.sdk.debug.activity.setting.UpdateUserInfoActivity
ADDED from MyWps\jMessage\AndroidManifest.xml:132:9-89
	android:name
		ADDED from MyWps\jMessage\AndroidManifest.xml:132:19-86
activity#im.sdk.debug.activity.createmessage.CreateMessageActivity
ADDED from MyWps\jMessage\AndroidManifest.xml:133:9-94
	android:name
		ADDED from MyWps\jMessage\AndroidManifest.xml:133:19-91
activity#im.sdk.debug.activity.createmessage.CreateSigTextMessageActivity
ADDED from MyWps\jMessage\AndroidManifest.xml:134:9-101
	android:name
		ADDED from MyWps\jMessage\AndroidManifest.xml:134:19-98
activity#im.sdk.debug.activity.groupinfo.GroupInfoActivity
ADDED from MyWps\jMessage\AndroidManifest.xml:135:9-86
	android:name
		ADDED from MyWps\jMessage\AndroidManifest.xml:135:19-83
activity#im.sdk.debug.activity.groupinfo.CreateGroupActivity
ADDED from MyWps\jMessage\AndroidManifest.xml:136:9-88
	android:name
		ADDED from MyWps\jMessage\AndroidManifest.xml:136:19-85
activity#im.sdk.debug.activity.groupinfo.GetGroupInfoActivity
ADDED from MyWps\jMessage\AndroidManifest.xml:137:9-89
	android:name
		ADDED from MyWps\jMessage\AndroidManifest.xml:137:19-86
activity#im.sdk.debug.activity.imagecontent.ImageContentActivity
ADDED from MyWps\jMessage\AndroidManifest.xml:138:9-92
	android:name
		ADDED from MyWps\jMessage\AndroidManifest.xml:138:19-89
activity#im.sdk.debug.activity.conversation.ConversationActivity
ADDED from MyWps\jMessage\AndroidManifest.xml:139:9-92
	android:name
		ADDED from MyWps\jMessage\AndroidManifest.xml:139:19-89
activity#im.sdk.debug.activity.groupinfo.AddRemoveGroupMemberActivity
ADDED from MyWps\jMessage\AndroidManifest.xml:140:9-97
	android:name
		ADDED from MyWps\jMessage\AndroidManifest.xml:140:19-94
activity#im.sdk.debug.activity.groupinfo.UpdateGroupInfoActivity
ADDED from MyWps\jMessage\AndroidManifest.xml:141:9-92
	android:name
		ADDED from MyWps\jMessage\AndroidManifest.xml:141:19-89
activity#im.sdk.debug.activity.groupinfo.ExitGroupActivity
ADDED from MyWps\jMessage\AndroidManifest.xml:142:9-86
	android:name
		ADDED from MyWps\jMessage\AndroidManifest.xml:142:19-83
activity#im.sdk.debug.activity.groupinfo.GetLocalGroupMembersActivity
ADDED from MyWps\jMessage\AndroidManifest.xml:143:9-97
	android:name
		ADDED from MyWps\jMessage\AndroidManifest.xml:143:19-94
activity#im.sdk.debug.activity.createmessage.CreateGroupTextMsgActivity
ADDED from MyWps\jMessage\AndroidManifest.xml:144:9-99
	android:name
		ADDED from MyWps\jMessage\AndroidManifest.xml:144:19-96
activity#im.sdk.debug.activity.createmessage.CreateSigCustomMsgActivity
ADDED from MyWps\jMessage\AndroidManifest.xml:145:9-99
	android:name
		ADDED from MyWps\jMessage\AndroidManifest.xml:145:19-96
activity#im.sdk.debug.activity.createmessage.CreateSigImageMessageActivity
ADDED from MyWps\jMessage\AndroidManifest.xml:146:9-102
	android:name
		ADDED from MyWps\jMessage\AndroidManifest.xml:146:19-99
activity#im.sdk.debug.activity.createmessage.ShowMessageActivity
ADDED from MyWps\jMessage\AndroidManifest.xml:147:9-92
	android:name
		ADDED from MyWps\jMessage\AndroidManifest.xml:147:19-89
activity#im.sdk.debug.activity.createmessage.CreateGroupImageMsgActivity
ADDED from MyWps\jMessage\AndroidManifest.xml:148:9-100
	android:name
		ADDED from MyWps\jMessage\AndroidManifest.xml:148:19-97
activity#im.sdk.debug.activity.createmessage.CreateSigVoiceMsgActivity
ADDED from MyWps\jMessage\AndroidManifest.xml:149:9-98
	android:name
		ADDED from MyWps\jMessage\AndroidManifest.xml:149:19-95
activity#im.sdk.debug.activity.createmessage.ShowCustomMessageActivity
ADDED from MyWps\jMessage\AndroidManifest.xml:150:9-98
	android:name
		ADDED from MyWps\jMessage\AndroidManifest.xml:150:19-95
activity#im.sdk.debug.activity.createmessage.CreateGroupCustomMsgActivity
ADDED from MyWps\jMessage\AndroidManifest.xml:151:9-101
	android:name
		ADDED from MyWps\jMessage\AndroidManifest.xml:151:19-98
activity#im.sdk.debug.activity.createmessage.CreateGroupVoiceMsgActivity
ADDED from MyWps\jMessage\AndroidManifest.xml:152:9-100
	android:name
		ADDED from MyWps\jMessage\AndroidManifest.xml:152:19-97
activity#im.sdk.debug.activity.notify.NotifyTypeActivity
ADDED from MyWps\jMessage\AndroidManifest.xml:153:9-84
	android:name
		ADDED from MyWps\jMessage\AndroidManifest.xml:153:19-81
activity#im.sdk.debug.activity.setting.GetBlackListActivity
ADDED from MyWps\jMessage\AndroidManifest.xml:154:9-87
	android:name
		ADDED from MyWps\jMessage\AndroidManifest.xml:154:19-84
activity#im.sdk.debug.activity.setting.AddRemoveBlackListActivity
ADDED from MyWps\jMessage\AndroidManifest.xml:155:9-93
	android:name
		ADDED from MyWps\jMessage\AndroidManifest.xml:155:19-90
activity#im.sdk.debug.activity.setting.UpdateUserAvatar
ADDED from MyWps\jMessage\AndroidManifest.xml:156:9-83
	android:name
		ADDED from MyWps\jMessage\AndroidManifest.xml:156:19-80
activity#im.sdk.debug.activity.setting.UpdateUserExtras
ADDED from MyWps\jMessage\AndroidManifest.xml:157:9-83
	android:name
		ADDED from MyWps\jMessage\AndroidManifest.xml:157:19-80
activity#im.sdk.debug.activity.notify.ShowGroupNotificationActivity
ADDED from MyWps\jMessage\AndroidManifest.xml:158:9-95
	android:name
		ADDED from MyWps\jMessage\AndroidManifest.xml:158:19-92
activity#im.sdk.debug.activity.imagecontent.CreateImageContentAsyncFile
ADDED from MyWps\jMessage\AndroidManifest.xml:159:9-99
	android:name
		ADDED from MyWps\jMessage\AndroidManifest.xml:159:19-96
activity#im.sdk.debug.activity.imagecontent.ShowDownloadPathActivity
ADDED from MyWps\jMessage\AndroidManifest.xml:160:9-96
	android:name
		ADDED from MyWps\jMessage\AndroidManifest.xml:160:19-93
activity#im.sdk.debug.activity.imagecontent.CreateImageContentAsyncBitmap
ADDED from MyWps\jMessage\AndroidManifest.xml:161:9-101
	android:name
		ADDED from MyWps\jMessage\AndroidManifest.xml:161:19-98
activity#im.sdk.debug.activity.messagecontent.SetGetStringExtraActivity
ADDED from MyWps\jMessage\AndroidManifest.xml:162:9-99
	android:name
		ADDED from MyWps\jMessage\AndroidManifest.xml:162:19-96
activity#im.sdk.debug.activity.messagecontent.SetGetNumberExtraActivity
ADDED from MyWps\jMessage\AndroidManifest.xml:163:9-99
	android:name
		ADDED from MyWps\jMessage\AndroidManifest.xml:163:19-96
activity#im.sdk.debug.activity.messagecontent.SetGetBooleanExtraActivity
ADDED from MyWps\jMessage\AndroidManifest.xml:164:9-100
	android:name
		ADDED from MyWps\jMessage\AndroidManifest.xml:164:19-97
activity#im.sdk.debug.activity.messagecontent.SetGetExtraActivity
ADDED from MyWps\jMessage\AndroidManifest.xml:165:9-93
	android:name
		ADDED from MyWps\jMessage\AndroidManifest.xml:165:19-90
activity#im.sdk.debug.activity.conversation.GetConversationInfoActivity
ADDED from MyWps\jMessage\AndroidManifest.xml:166:9-99
	android:name
		ADDED from MyWps\jMessage\AndroidManifest.xml:166:19-96
activity#im.sdk.debug.activity.conversation.OrderMessageActivity
ADDED from MyWps\jMessage\AndroidManifest.xml:167:9-92
	android:name
		ADDED from MyWps\jMessage\AndroidManifest.xml:167:19-89
activity#im.sdk.debug.activity.conversation.IsShowNotifySigActivity
ADDED from MyWps\jMessage\AndroidManifest.xml:168:9-95
	android:name
		ADDED from MyWps\jMessage\AndroidManifest.xml:168:19-92
activity#im.sdk.debug.activity.conversation.DeleteConversationActivity
ADDED from MyWps\jMessage\AndroidManifest.xml:169:9-98
	android:name
		ADDED from MyWps\jMessage\AndroidManifest.xml:169:19-95
activity#im.sdk.debug.activity.setting.NoDisturbListActivity
ADDED from MyWps\jMessage\AndroidManifest.xml:170:9-88
	android:name
		ADDED from MyWps\jMessage\AndroidManifest.xml:170:19-85
activity#im.sdk.debug.activity.setting.ShowLogoutReasonActivity
ADDED from MyWps\jMessage\AndroidManifest.xml:171:9-91
	android:name
		ADDED from MyWps\jMessage\AndroidManifest.xml:171:19-88
activity#im.sdk.debug.activity.createmessage.CreateSendFileActivity
ADDED from MyWps\jMessage\AndroidManifest.xml:172:9-95
	android:name
		ADDED from MyWps\jMessage\AndroidManifest.xml:172:19-92
activity#im.sdk.debug.activity.friend.FriendContactManager
ADDED from MyWps\jMessage\AndroidManifest.xml:173:9-86
	android:name
		ADDED from MyWps\jMessage\AndroidManifest.xml:173:19-83
activity#im.sdk.debug.activity.friend.AddFriendActivity
ADDED from MyWps\jMessage\AndroidManifest.xml:174:9-83
	android:name
		ADDED from MyWps\jMessage\AndroidManifest.xml:174:19-80
activity#im.sdk.debug.activity.friend.ShowFriendReasonActivity
ADDED from MyWps\jMessage\AndroidManifest.xml:175:9-90
	android:name
		ADDED from MyWps\jMessage\AndroidManifest.xml:175:19-87
activity#im.sdk.debug.activity.createmessage.CreateLocationMessageActivity
ADDED from MyWps\jMessage\AndroidManifest.xml:176:9-102
	android:name
		ADDED from MyWps\jMessage\AndroidManifest.xml:176:19-99
activity#im.sdk.debug.activity.groupinfo.BlockedGroupMsgActivity
ADDED from MyWps\jMessage\AndroidManifest.xml:177:9-92
	android:name
		ADDED from MyWps\jMessage\AndroidManifest.xml:177:19-89
activity#im.sdk.debug.activity.createmessage.ShowDownloadVoiceInfoActivity
ADDED from MyWps\jMessage\AndroidManifest.xml:178:9-102
	android:name
		ADDED from MyWps\jMessage\AndroidManifest.xml:178:19-99
activity#im.sdk.debug.activity.showinfo.ShowMyInfoUpdateActivity
ADDED from MyWps\jMessage\AndroidManifest.xml:179:9-92
	android:name
		ADDED from MyWps\jMessage\AndroidManifest.xml:179:19-89
activity#im.sdk.debug.activity.conversation.RetractMessageActivity
ADDED from MyWps\jMessage\AndroidManifest.xml:180:9-94
	android:name
		ADDED from MyWps\jMessage\AndroidManifest.xml:180:19-91
activity#im.sdk.debug.activity.conversation.ForwardMessageActivity
ADDED from MyWps\jMessage\AndroidManifest.xml:181:9-94
	android:name
		ADDED from MyWps\jMessage\AndroidManifest.xml:181:19-91
activity#im.sdk.debug.activity.conversation.MessageReceiptActivity
ADDED from MyWps\jMessage\AndroidManifest.xml:182:9-94
	android:name
		ADDED from MyWps\jMessage\AndroidManifest.xml:182:19-91
activity#im.sdk.debug.activity.createmessage.CreateTransCommandActivity
ADDED from MyWps\jMessage\AndroidManifest.xml:183:9-99
	android:name
		ADDED from MyWps\jMessage\AndroidManifest.xml:183:19-96
activity#im.sdk.debug.activity.createmessage.ShowTransCommandActivity
ADDED from MyWps\jMessage\AndroidManifest.xml:184:9-97
	android:name
		ADDED from MyWps\jMessage\AndroidManifest.xml:184:19-94
activity#im.sdk.debug.activity.chatroom.ChatRoomActivity
ADDED from MyWps\jMessage\AndroidManifest.xml:185:9-84
	android:name
		ADDED from MyWps\jMessage\AndroidManifest.xml:185:19-81
activity#im.sdk.debug.activity.groupinfo.ApplyJoinGroupActivity
ADDED from MyWps\jMessage\AndroidManifest.xml:186:9-91
	android:name
		ADDED from MyWps\jMessage\AndroidManifest.xml:186:19-88
activity#im.sdk.debug.activity.groupinfo.ShowGroupApprovalActivity
ADDED from MyWps\jMessage\AndroidManifest.xml:187:9-94
	android:name
		ADDED from MyWps\jMessage\AndroidManifest.xml:187:19-91
activity#im.sdk.debug.activity.groupinfo.SetGroupMemSilenceActivity
ADDED from MyWps\jMessage\AndroidManifest.xml:188:9-95
	android:name
		ADDED from MyWps\jMessage\AndroidManifest.xml:188:19-92
uses-sdk
INJECTED from MyWps\jMessage\AndroidManifest.xml reason: use-sdk injection requested
	android:targetSdkVersion
		INJECTED from MyWps\jMessage\AndroidManifest.xml
		INJECTED from MyWps\jMessage\AndroidManifest.xml
	android:minSdkVersion
		INJECTED from MyWps\jMessage\AndroidManifest.xml
		INJECTED from MyWps\jMessage\AndroidManifest.xml